[2013-08-26 22:01:18] START
[2013-09-01 15:33:30] EDIT REDDIT/models/db.py: 3
[2013-09-01 15:36:21] EDIT REDDIT/models/db.py: 3
[2013-09-01 15:39:24] EDIT REDDIT/models/db.py: 2
[2013-09-01 15:43:14] EDIT REDDIT/models/db.py: 2
[2013-09-01 15:43:16] EDIT REDDIT/models/db.py: 0
[2013-09-01 15:44:23] EDIT REDDIT/models/db.py: 0
[2013-09-01 15:45:44] EDIT REDDIT/controllers/default.py: 23
[2013-09-01 15:47:30] EDIT REDDIT/controllers/default.py: 23
[2013-09-01 15:47:33] EDIT REDDIT/controllers/default.py: 0
[2013-09-01 15:48:39] EDIT REDDIT/controllers/default.py: 0
[2013-09-01 15:53:16] EDIT REDDIT/views/default/list_news.html: 4
[2013-09-01 15:53:18] EDIT REDDIT/views/default/list_news.html: 0
[2013-09-01 15:54:32] EDIT REDDIT/views/default/list_news.html: 5
[2013-09-01 15:54:33] EDIT REDDIT/views/default/list_news.html: 0
[2013-09-01 15:59:09] EDIT REDDIT/models/db.py: 1
[2013-09-01 15:59:11] EDIT REDDIT/models/db.py: 0
[2013-09-01 15:59:28] EDIT REDDIT/models/db.py: -1
[2013-09-02 04:41:14] EDIT REDDIT/controllers/default.py: 10
[2013-09-02 04:41:38] EDIT REDDIT/controllers/default.py: 0
[2013-09-02 04:42:33] EDIT REDDIT/controllers/default.py: 1
[2013-09-02 04:43:11] EDIT REDDIT/controllers/default.py: 1
[2013-09-02 04:43:15] EDIT REDDIT/controllers/default.py: 0
[2013-09-02 04:43:36] EDIT REDDIT/controllers/default.py: 0
[2013-09-02 04:43:54] EDIT REDDIT/controllers/default.py: 0
[2013-09-02 04:44:08] EDIT REDDIT/controllers/default.py: -7
[2013-09-02 04:44:10] EDIT REDDIT/controllers/default.py: 0
[2013-09-02 04:44:34] EDIT REDDIT/controllers/default.py: 0
[2013-09-02 04:45:57] EDIT REDDIT/controllers/default.py: 2
[2013-09-02 04:45:58] EDIT REDDIT/controllers/default.py: 0
[2013-09-02 04:46:29] EDIT REDDIT/controllers/default.py: 1
[2013-09-02 04:46:30] EDIT REDDIT/controllers/default.py: 0
[2013-09-02 04:46:33] EDIT REDDIT/controllers/default.py: 0
[2013-09-02 04:46:47] EDIT REDDIT/controllers/default.py: 0
[2013-09-02 04:46:53] EDIT REDDIT/controllers/default.py: 0
[2013-09-02 04:46:54] EDIT REDDIT/controllers/default.py: 0
[2013-09-02 04:46:54] EDIT REDDIT/controllers/default.py: 0
[2013-09-02 04:46:55] EDIT REDDIT/controllers/default.py: 0
[2013-09-02 04:48:08] EDIT REDDIT/controllers/default.py: 4
[2013-09-02 04:48:13] EDIT REDDIT/controllers/default.py: 0
[2013-09-02 04:48:15] EDIT REDDIT/controllers/default.py: 0
[2013-09-02 04:48:16] EDIT REDDIT/controllers/default.py: 0
[2013-09-02 04:48:40] EDIT REDDIT/controllers/default.py: 1
[2013-09-02 04:50:44] EDIT REDDIT/models/db.py: 0
[2013-09-02 04:53:36] EDIT REDDIT/controllers/default.py: 0
[2013-09-02 04:54:53] CREATE default/update_news.html: 0
[2013-09-02 04:56:10] EDIT REDDIT/views/default/update_news.html: 1
[2013-09-02 04:56:40] EDIT REDDIT/views/default/list_news.html: 2
[2013-09-02 04:57:33] EDIT REDDIT/views/default/list_news.html: 0
[2013-09-02 04:57:35] EDIT REDDIT/views/default/list_news.html: 0
[2013-09-02 05:00:09] EDIT REDDIT/views/default/list_news.html: 0
[2013-09-02 05:01:23] EDIT REDDIT/views/default/list_news.html: 0
[2013-09-02 05:01:24] EDIT REDDIT/views/default/list_news.html: 0
[2013-09-02 05:02:55] EDIT REDDIT/controllers/default.py: 1
[2013-09-02 05:02:57] EDIT REDDIT/controllers/default.py: 0
[2013-09-02 05:03:37] EDIT REDDIT/views/default/list_news.html: 0
[2013-09-02 05:13:33] EDIT REDDIT/views/default/list_news.html: 0
[2013-09-02 05:13:35] EDIT REDDIT/views/default/list_news.html: 0
[2013-09-02 05:14:02] EDIT REDDIT/views/default/list_news.html: 1
[2013-09-02 05:14:03] EDIT REDDIT/views/default/list_news.html: 0
[2013-09-02 05:20:07] EDIT REDDIT/controllers/default.py: 1
[2013-09-02 05:22:48] EDIT REDDIT/controllers/default.py: 0
[2013-09-02 05:22:58] EDIT REDDIT/controllers/default.py: 0
[2013-09-02 05:23:18] EDIT REDDIT/controllers/default.py: 0
[2013-09-02 05:23:20] EDIT REDDIT/controllers/default.py: 0
[2013-09-02 05:23:32] EDIT REDDIT/views/default/list_news.html: 0
[2013-09-02 05:28:53] EDIT REDDIT/controllers/default.py: 0
[2013-09-02 05:28:54] EDIT REDDIT/controllers/default.py: 0
[2013-09-02 05:32:26] EDIT REDDIT/views/default/list_news.html: 0
[2013-09-02 05:32:28] EDIT REDDIT/views/default/list_news.html: 0
[2013-09-02 05:34:46] EDIT REDDIT/controllers/default.py: 0
[2013-09-02 05:34:48] EDIT REDDIT/controllers/default.py: 0
[2013-09-02 05:36:09] EDIT REDDIT/controllers/default.py: 0
[2013-09-02 05:36:10] EDIT REDDIT/controllers/default.py: 0
[2013-09-02 05:36:32] EDIT REDDIT/controllers/default.py: 0
[2013-09-02 05:36:34] EDIT REDDIT/controllers/default.py: 0
[2013-09-02 05:36:35] EDIT REDDIT/controllers/default.py: 0
[2013-09-02 06:23:11] EDIT REDDIT/controllers/default.py: 0
[2013-09-02 06:23:13] EDIT REDDIT/controllers/default.py: 0
[2013-09-02 06:23:13] EDIT REDDIT/controllers/default.py: 0
[2013-09-02 06:23:14] EDIT REDDIT/controllers/default.py: 0
[2013-09-02 08:18:11] EDIT REDDIT/controllers/default.py: 7
[2013-09-02 08:18:44] EDIT REDDIT/controllers/default.py: 0
[2013-09-02 08:18:46] EDIT REDDIT/controllers/default.py: 0
[2013-09-02 11:56:11] EDIT REDDIT/models/db.py: 1
[2013-09-02 11:56:23] EDIT REDDIT/models/db.py: -1
[2013-09-02 11:56:24] EDIT REDDIT/models/db.py: 0
[2013-09-02 11:56:25] EDIT REDDIT/models/db.py: 0
[2013-09-02 11:57:43] EDIT REDDIT/views/default/list_news.html: 2
[2013-09-02 11:59:40] EDIT REDDIT/controllers/default.py: 18
[2013-09-02 12:00:35] EDIT REDDIT/controllers/default.py: 1
[2013-09-02 12:00:36] EDIT REDDIT/controllers/default.py: 0
[2013-09-02 12:01:35] EDIT REDDIT/controllers/default.py: 0
[2013-09-02 12:01:36] EDIT REDDIT/controllers/default.py: 0
[2013-09-02 12:02:41] EDIT REDDIT/controllers/default.py: 1
[2013-09-02 12:03:11] EDIT REDDIT/views/default/list_news.html: 0
[2013-09-02 12:03:53] EDIT REDDIT/controllers/default.py: 0
[2013-09-02 12:04:51] EDIT REDDIT/views/default/list_news.html: 0
[2013-09-02 12:04:54] EDIT REDDIT/controllers/default.py: 0
[2013-09-02 12:20:09] EDIT REDDIT/views/default/list_news.html: 0
[2013-09-02 12:20:10] EDIT REDDIT/views/default/list_news.html: 0
[2013-09-02 12:22:54] EDIT REDDIT/controllers/default.py: 23
[2013-09-02 12:22:55] EDIT REDDIT/controllers/default.py: 0
[2013-09-02 12:24:29] EDIT REDDIT/views/default/list_news.html: 3
[2013-09-02 12:24:30] EDIT REDDIT/views/default/list_news.html: 0
[2013-09-02 12:25:02] EDIT REDDIT/controllers/default.py: 0
[2013-09-02 12:25:37] EDIT REDDIT/controllers/default.py: 0
[2013-09-02 12:25:38] EDIT REDDIT/controllers/default.py: 0
[2013-09-02 13:39:06] EDIT REDDIT/models/db.py: -1
[2013-09-02 13:39:08] EDIT REDDIT/models/db.py: 0
[2013-09-02 13:40:18] EDIT REDDIT/views/default/list_news.html: 0
[2013-09-02 13:40:19] EDIT REDDIT/views/default/list_news.html: 0
[2013-09-02 13:40:36] EDIT REDDIT/views/default/list_news.html: 0
[2013-09-02 13:50:12] EDIT REDDIT/controllers/default.py: 30
[2013-09-02 13:50:49] EDIT REDDIT/controllers/default.py: 0
[2013-09-02 13:50:51] EDIT REDDIT/controllers/default.py: 0
[2013-09-02 13:52:06] EDIT REDDIT/controllers/default.py: 0
[2013-09-02 13:52:24] EDIT REDDIT/controllers/default.py: 0
[2013-09-02 13:52:28] EDIT REDDIT/controllers/default.py: 0
[2013-09-02 13:52:44] EDIT REDDIT/controllers/default.py: 0
[2013-09-02 13:52:52] EDIT REDDIT/controllers/default.py: 0
[2013-09-02 13:54:25] EDIT REDDIT/views/default/list_news.html: 0
[2013-09-02 13:57:18] EDIT REDDIT/views/default/list_news.html: 0
[2013-09-02 14:00:17] EDIT REDDIT/controllers/default.py: 0
[2013-09-02 14:00:18] EDIT REDDIT/controllers/default.py: 0
[2013-09-02 14:01:51] EDIT REDDIT/controllers/default.py: 4
[2013-09-02 14:01:52] EDIT REDDIT/controllers/default.py: 0
[2013-09-02 14:02:24] EDIT REDDIT/controllers/default.py: 0
[2013-09-02 14:02:25] EDIT REDDIT/controllers/default.py: 0
[2013-09-02 14:02:42] EDIT REDDIT/controllers/default.py: 0
[2013-09-02 14:10:45] EDIT REDDIT/views/default/list_news.html: 0
[2013-09-02 14:10:45] EDIT REDDIT/views/default/list_news.html: 0
[2013-09-02 14:13:48] EDIT REDDIT/views/default/list_news.html: 4
[2013-09-02 14:13:56] EDIT REDDIT/views/default/list_news.html: -1
[2013-09-02 14:14:53] EDIT REDDIT/views/default/list_news.html: 0
[2013-09-02 14:14:54] EDIT REDDIT/views/default/list_news.html: 0
[2013-09-02 14:16:26] EDIT REDDIT/views/default/list_news.html: 0
[2013-09-02 14:19:55] EDIT REDDIT/controllers/default.py: 1
[2013-09-02 14:20:11] EDIT REDDIT/controllers/default.py: 0
[2013-09-02 14:20:46] EDIT REDDIT/controllers/default.py: 0
[2013-09-02 14:20:46] EDIT REDDIT/controllers/default.py: 0
[2013-09-02 14:20:51] EDIT REDDIT/controllers/default.py: 0
[2013-09-02 14:45:50] EDIT REDDIT/models/db.py: 3
[2013-09-02 14:50:42] EDIT REDDIT/models/db.py: 0
[2013-09-02 14:51:48] EDIT REDDIT/models/db.py: 0
[2013-09-02 14:54:55] EDIT REDDIT/controllers/default.py: 0
[2013-09-02 14:54:56] EDIT REDDIT/controllers/default.py: 0
[2013-09-02 14:55:55] EDIT REDDIT/views/default/view_news.html: 3
[2013-09-02 14:57:40] EDIT REDDIT/controllers/default.py: 0
[2013-09-02 15:06:39] EDIT REDDIT/views/default/list_news.html.1: 1
[2013-09-02 15:09:29] EDIT REDDIT/views/default/list_news.html.1: 2
[2013-09-02 15:10:08] EDIT REDDIT/views/default/list_news.html.1: 0
[2013-09-02 15:10:52] EDIT REDDIT/views/default/list_news.html.1: -3
[2013-09-02 15:15:05] EDIT REDDIT/views/default/list_news.html: 3
[2013-09-02 15:15:06] EDIT REDDIT/views/default/list_news.html: 0
[2013-09-02 15:15:25] EDIT REDDIT/views/default/list_news.html: 0
[2013-09-02 15:16:07] EDIT REDDIT/views/default/list_news.html: -1
[2013-09-02 15:17:14] EDIT REDDIT/views/default/list_news.html: 0
[2013-09-02 15:18:06] EDIT REDDIT/views/default/list_news.html: 0
[2013-09-02 15:18:14] EDIT REDDIT/views/default/list_news.html: 0
[2013-09-02 15:19:44] EDIT REDDIT/views/default/list_news.html: -1
[2013-09-02 18:27:02] EDIT REDDIT/views/default/list_news.html: 0
[2013-09-02 18:27:27] EDIT REDDIT/views/default/view_news.html: -1
[2013-09-02 18:30:56] EDIT REDDIT/views/default/list_news.html: 1
[2013-09-02 18:31:47] EDIT REDDIT/controllers/default.py: 0
[2013-09-02 18:31:48] EDIT REDDIT/controllers/default.py: 0
[2013-09-02 18:33:04] EDIT REDDIT/controllers/default.py: 1
[2013-09-02 18:36:20] EDIT REDDIT/controllers/default.py: 1
[2013-09-02 18:36:21] EDIT REDDIT/controllers/default.py: 0
[2013-09-02 18:36:56] EDIT REDDIT/controllers/default.py: 0
[2013-09-02 18:36:56] EDIT REDDIT/controllers/default.py: 0
[2013-09-02 18:38:55] EDIT REDDIT/controllers/default.py: 0
[2013-09-02 18:40:21] EDIT REDDIT/controllers/default.py: 0
[2013-09-02 18:40:24] EDIT REDDIT/controllers/default.py: 0
[2013-09-02 18:40:48] EDIT REDDIT/controllers/default.py: 0
[2013-09-02 18:40:49] EDIT REDDIT/controllers/default.py: 0
[2013-09-02 18:44:19] EDIT REDDIT/controllers/default.py: 0
[2013-09-02 19:00:50] EDIT REDDIT/controllers/default.py: 3
[2013-09-02 19:01:37] EDIT REDDIT/views/default/list_news.html: 2
[2013-09-02 19:01:38] EDIT REDDIT/views/default/list_news.html: 0
[2013-09-02 19:21:31] EDIT REDDIT/controllers/default.py: 14
[2013-09-02 19:21:42] EDIT REDDIT/controllers/default.py: 0
[2013-09-02 19:21:45] EDIT REDDIT/controllers/default.py: 0
[2013-09-02 19:21:49] EDIT REDDIT/controllers/default.py: 0
[2013-09-02 19:22:13] EDIT REDDIT/controllers/default.py: 0
[2013-09-02 19:22:14] EDIT REDDIT/controllers/default.py: 0
[2013-09-02 19:26:51] EDIT REDDIT/controllers/default.py: 5
[2013-09-02 19:26:53] EDIT REDDIT/controllers/default.py: 0
[2013-09-02 19:31:35] EDIT REDDIT/controllers/default.py: 0
[2013-09-02 19:31:58] EDIT REDDIT/controllers/default.py: 0
[2013-09-02 19:31:59] EDIT REDDIT/controllers/default.py: 0
[2013-09-02 19:32:37] EDIT REDDIT/controllers/default.py: 0
[2013-09-02 19:32:55] EDIT REDDIT/controllers/default.py: 0
[2013-09-02 19:32:57] EDIT REDDIT/controllers/default.py: 0
[2013-09-02 19:32:57] EDIT REDDIT/controllers/default.py: 0
[2013-09-02 19:33:06] EDIT REDDIT/controllers/default.py: 0
[2013-09-02 19:33:08] EDIT REDDIT/controllers/default.py: 0
[2013-09-02 19:33:31] EDIT REDDIT/controllers/default.py: 0
[2013-09-02 19:35:43] EDIT REDDIT/controllers/default.py: 1
[2013-09-02 19:36:09] EDIT REDDIT/controllers/default.py: -1
[2013-09-02 19:36:10] EDIT REDDIT/controllers/default.py: 0
[2013-09-02 19:36:19] EDIT REDDIT/controllers/default.py: 0
[2013-09-02 19:36:21] EDIT REDDIT/controllers/default.py: 0
[2013-09-02 19:40:29] EDIT REDDIT/controllers/default.py: 0
[2013-09-02 19:40:29] EDIT REDDIT/controllers/default.py: 0
[2013-09-02 19:41:21] EDIT REDDIT/controllers/default.py: 0
[2013-09-02 19:41:22] EDIT REDDIT/controllers/default.py: 0
[2013-09-02 19:41:46] EDIT REDDIT/controllers/default.py: 0
[2013-09-02 19:41:47] EDIT REDDIT/controllers/default.py: 0
[2013-09-02 19:42:27] EDIT REDDIT/controllers/default.py: 0
[2013-09-02 19:57:43] EDIT REDDIT/controllers/default.py: 0
[2013-09-02 19:57:44] EDIT REDDIT/controllers/default.py: 0
[2013-09-02 19:57:46] EDIT REDDIT/controllers/default.py: 0
[2013-09-02 20:05:23] EDIT REDDIT/controllers/default.py: 8
[2013-09-02 20:05:24] EDIT REDDIT/controllers/default.py: 0
[2013-09-02 20:05:26] EDIT REDDIT/controllers/default.py: 0
[2013-09-02 20:06:35] EDIT REDDIT/controllers/default.py: 0
[2013-09-02 20:13:22] CREATE default/users_list.html: 0
[2013-09-02 20:17:00] EDIT REDDIT/views/default/users_list.html: 1
[2013-09-02 20:17:01] EDIT REDDIT/views/default/users_list.html: 0
[2013-09-02 20:18:26] EDIT REDDIT/views/default/users_list.html: 2
[2013-09-02 20:18:27] EDIT REDDIT/views/default/users_list.html: 0
[2013-09-02 20:19:08] EDIT REDDIT/views/default/users_list.html: 0
[2013-09-02 20:19:49] EDIT REDDIT/views/default/users_list.html: 0
[2013-09-02 20:19:50] EDIT REDDIT/views/default/users_list.html: 0
[2013-09-02 20:20:31] EDIT REDDIT/views/default/users_list.html: 0
[2013-09-02 20:24:12] EDIT REDDIT/views/default/list_news.html: 2
[2013-09-02 20:25:05] EDIT REDDIT/controllers/default.py: 3
[2013-09-02 20:25:20] EDIT REDDIT/controllers/default.py: 0
[2013-09-02 20:25:20] EDIT REDDIT/controllers/default.py: 0
[2013-09-02 20:25:21] EDIT REDDIT/controllers/default.py: 0
[2013-09-02 20:26:12] EDIT REDDIT/controllers/default.py: -1
[2013-09-02 20:26:12] EDIT REDDIT/controllers/default.py: 0
[2013-09-02 20:26:33] EDIT REDDIT/controllers/default.py: 0
[2013-09-02 20:26:34] EDIT REDDIT/controllers/default.py: 0
[2013-09-02 20:27:36] EDIT REDDIT/controllers/default.py: 3
[2013-09-02 20:27:37] EDIT REDDIT/controllers/default.py: 0
[2013-09-02 20:29:12] CREATE default/admin_page.html: 0
[2013-09-02 20:31:04] EDIT REDDIT/views/default/admin_page.html: 0
[2013-09-02 20:31:05] EDIT REDDIT/views/default/admin_page.html: 0
[2013-09-02 20:32:58] EDIT REDDIT/views/default/list_news.html: 1
[2013-09-02 20:32:59] EDIT REDDIT/views/default/list_news.html: 0
[2013-09-02 20:34:22] EDIT REDDIT/views/default/admin_page.html: 1
[2013-09-02 20:34:22] EDIT REDDIT/views/default/admin_page.html: 0
[2013-09-02 20:42:34] EDIT REDDIT/views/default/list_news.html: 3
[2013-09-02 20:42:35] EDIT REDDIT/views/default/list_news.html: 0
[2013-09-02 20:42:49] EDIT REDDIT/views/default/list_news.html: 0
[2013-09-02 20:44:08] EDIT REDDIT/views/default/view_news.html: 0
[2013-09-02 20:44:09] EDIT REDDIT/views/default/view_news.html: 0
